trunk/limehd/proguard/seeds.txt
net.toload.main.hd.LIMEBackupAgent
net.toload.main.hd.LIMEMenu
net.toload.main.hd.LIMEService
net.toload.main.hd.candidate.CandidateExpandedView
net.toload.main.hd.candidate.CandidateExpandedView: CandidateExpandedView(android.content.Context,android.util.AttributeSet)
net.toload.main.hd.candidate.CandidateInInputViewContainer
net.toload.main.hd.candidate.CandidateInInputViewContainer: CandidateInInputViewContainer(android.content.Context,android.util.AttributeSet)
net.toload.main.hd.candidate.CandidateView
net.toload.main.hd.candidate.CandidateView: CandidateView(android.content.Context,android.util.AttributeSet)
net.toload.main.hd.candidate.CandidateViewContainer
net.toload.main.hd.candidate.CandidateViewContainer: CandidateViewContainer(android.content.Context,android.util.AttributeSet)
net.toload.main.hd.keyboard.LIMEKeyboardBaseView
net.toload.main.hd.keyboard.LIMEKeyboardBaseView: LIMEKeyboardBaseView(android.content.Context,android.util.AttributeSet)
net.toload.main.hd.keyboard.LIMEKeyboardBaseView: LIMEKeyboardBaseView(android.content.Context,android.util.AttributeSet,int)
net.toload.main.hd.keyboard.LIMEKeyboardView
net.toload.main.hd.keyboard.LIMEKeyboardView: LIMEKeyboardView(android.content.Context,android.util.AttributeSet)
net.toload.main.hd.keyboard.LIMEKeyboardView: LIMEKeyboardView(android.content.Context,android.util.AttributeSet,int)
net.toload.main.hd.limesettings.LIMEIMSetting
net.toload.main.hd.limesettings.LIMEInitial
net.toload.main.hd.limesettings.LIMEMappingLoading
net.toload.main.hd.limesettings.LIMEMappingSetting
net.toload.main.hd.limesettings.LIMEPreference
net.toload.main.hd.limesettings.LIMEPreferenceHC
net.toload.main.hd.limesettings.MultiListPreference
net.toload.main.hd.limesettings.MultiListPreference: MultiListPreference(android.content.Context,android.util.AttributeSet)
...
com.google.gdata.util.ErrorContent$LocationType: com.google.gdata.util.ErrorContent$LocationType[] values()
com.google.gdata.util.ErrorContent$LocationType: com.google.gdata.util.ErrorContent$LocationType valueOf(java.lang.String)
com.google.gdata.util.common.xml.XmlWriter$WriterFlags: com.google.gdata.util.common.xml.XmlWriter$WriterFlags[] values()
com.google.gdata.util.common.xml.XmlWriter$WriterFlags: com.google.gdata.util.common.xml.XmlWriter$WriterFlags valueOf(java.lang.String)
com.google.gson.FieldNamingPolicy: com.google.gson.FieldNamingPolicy[] values()
com.google.gson.FieldNamingPolicy: com.google.gson.FieldNamingPolicy valueOf(java.lang.String)
com.google.gson.LongSerializationPolicy: com.google.gson.LongSerializationPolicy[] values()
com.google.gson.LongSerializationPolicy: com.google.gson.LongSerializationPolicy valueOf(java.lang.String)
com.google.gson.stream.JsonScope: com.google.gson.stream.JsonScope[] values()
com.google.gson.stream.JsonScope: com.google.gson.stream.JsonScope valueOf(java.lang.String)
com.google.gson.stream.JsonToken: com.google.gson.stream.JsonToken[] values()
com.google.gson.stream.JsonToken: com.google.gson.stream.JsonToken valueOf(java.lang.String)
com.google.protobuf.DescriptorProtos$FieldDescriptorProto$Label: com.google.protobuf.DescriptorProtos$FieldDescriptorProto$Label[] values()
com.google.protobuf.DescriptorProtos$FieldDescriptorProto$Label: com.google.protobuf.DescriptorProtos$FieldDescriptorProto$Label valueOf(java.lang.String)
com.google.protobuf.DescriptorProtos$FieldDescriptorProto$Type: com.google.protobuf.DescriptorProtos$FieldDescriptorProto$Type[] values()
com.google.protobuf.DescriptorProtos$FieldDescriptorProto$Type: com.google.protobuf.DescriptorProtos$FieldDescriptorProto$Type valueOf(java.lang.String)
com.google.protobuf.DescriptorProtos$FieldOptions$CType: com.google.protobuf.DescriptorProtos$FieldOptions$CType[] values()
com.google.protobuf.DescriptorProtos$FieldOptions$CType: com.google.protobuf.DescriptorProtos$FieldOptions$CType valueOf(java.lang.String)
com.google.protobuf.DescriptorProtos$FileOptions$OptimizeMode: com.google.protobuf.DescriptorProtos$FileOptions$OptimizeMode[] values()
com.google.protobuf.DescriptorProtos$FileOptions$OptimizeMode: com.google.protobuf.DescriptorProtos$FileOptions$OptimizeMode valueOf(java.lang.String)
com.google.protobuf.Descriptors$FieldDescriptor$JavaType: com.google.protobuf.Descriptors$FieldDescriptor$JavaType[] values()
com.google.protobuf.Descriptors$FieldDescriptor$JavaType: com.google.protobuf.Descriptors$FieldDescriptor$JavaType valueOf(java.lang.String)
com.google.protobuf.Descriptors$FieldDescriptor$Type: com.google.protobuf.Descriptors$FieldDescriptor$Type[] values()
com.google.protobuf.Descriptors$FieldDescriptor$Type: com.google.protobuf.Descriptors$FieldDescriptor$Type valueOf(java.lang.String)
com.google.protobuf.WireFormat$FieldType: com.google.protobuf.WireFormat$FieldType[] values()
com.google.protobuf.WireFormat$FieldType: com.google.protobuf.WireFormat$FieldType valueOf(java.lang.String)
com.google.protobuf.WireFormat$JavaType: com.google.protobuf.WireFormat$JavaType[] values()
com.google.protobuf.WireFormat$JavaType: com.google.protobuf.WireFormat$JavaType valueOf(java.lang.String)
javax.annotation.meta.When: javax.annotation.meta.When[] values()
javax.annotation.meta.When: javax.annotation.meta.When valueOf(java.lang.String)
org.codehaus.jackson.JsonEncoding: org.codehaus.jackson.JsonEncoding[] values()
org.codehaus.jackson.JsonEncoding: org.codehaus.jackson.JsonEncoding valueOf(java.lang.String)
org.codehaus.jackson.JsonGenerator$Feature: org.codehaus.jackson.JsonGenerator$Feature[] values()
org.codehaus.jackson.JsonGenerator$Feature: org.codehaus.jackson.JsonGenerator$Feature valueOf(java.lang.String)