trunk/limehd/proguard/mapping.txt
net.toload.main.hd.LIMEBackupAgent -> net.toload.main.hd.LIMEBackupAgent:
    void onCreate() -> onCreate
    void onBackup(android.os.ParcelFileDescriptor,android.app.backup.BackupDataOutput,android.os.ParcelFileDescriptor) -> onBackup
    void onRestore(android.app.backup.BackupDataInput,int,android.os.ParcelFileDescriptor) -> onRestore
net.toload.main.hd.LIMEKeyboardSwitcher -> net.toload.main.hd.a:
    net.toload.main.hd.keyboard.LIMEKeyboardView mInputView -> a
    net.toload.main.hd.LIMEService mContext -> b
    java.util.Map mKeyboards -> c
    int mMode -> d
    int mImeOptions -> e
    int mTextMode -> f
    net.toload.main.hd.global.LIMEPreferenceManager mLIMEPref -> g
    boolean mIsShifted -> h
    boolean mIsSymbols -> i
    boolean mIsChinese -> j
    boolean mIsAlphabet -> k
    boolean mPreferSymbols -> l
    int mSymbolsModeState -> m
    int mLastDisplayWidth -> n
    java.lang.String imtype -> o
    java.util.HashMap kbHm -> p
    java.util.HashMap imHm -> q
    java.util.List mActivatedIMList -> r
    java.util.List mActivatedIMShortnameList -> s
    float mKeySizeScale -> t
    int getKeyboardSize() -> a
    void setKeyboardList(java.util.List) -> a
    java.lang.String getImKeyboard(java.lang.String) -> a
    void setImList(java.util.List) -> b
    void setActivatedIMList$70d861b8(java.util.List,java.util.List) -> a
    java.lang.String getActiveIMShortname() -> b
    java.lang.String getNextActivatedIMShortname() -> c
    java.lang.String getPrevActivatedIMShortname() -> d
    void makeKeyboards(boolean) -> a
    int getKeyboardXMLID(java.lang.String) -> b
    void setKeyboardMode(java.lang.String,int,int,boolean,boolean,boolean) -> a
    boolean isAlphabetMode() -> e
    void toggleShift() -> f
    void toggleChinese() -> g
net.toload.main.hd.LIMEKeyboardSwitcher$KeyboardId -> net.toload.main.hd.b:
    int mXml -> a
    int mMode -> b
    boolean mEnableShiftLock -> c
    boolean equals(java.lang.Object) -> equals
    int hashCode() -> hashCode
net.toload.main.hd.LIMEMenu -> net.toload.main.hd.LIMEMenu:
    net.toload.main.hd.global.LIMEPreferenceManager mLIMEPref -> a
    java.lang.String TAG -> b
    boolean DEBUG -> c
    void onCreate(android.os.Bundle) -> onCreate
    boolean onCreateOptionsMenu(android.view.Menu) -> onCreateOptionsMenu
    boolean onOptionsItemSelected(android.view.MenuItem) -> onOptionsItemSelected
net.toload.main.hd.LIMEMenu$1 -> net.toload.main.hd.c:
    net.toload.main.hd.LIMEMenu this$0 -> a
    boolean val$dbFileNotExists -> b
    android.widget.TabHost val$tabHost -> c
    void onClick(android.content.DialogInterface,int) -> onClick
net.toload.main.hd.LIMEMenu$2 -> net.toload.main.hd.d:
    net.toload.main.hd.LIMEMenu this$0 -> a
    void onClick(android.content.DialogInterface,int) -> onClick
net.toload.main.hd.LIMEMenu$3 -> net.toload.main.hd.e:
    net.toload.main.hd.LIMEMenu this$0 -> a
    void onClick(android.content.DialogInterface,int) -> onClick
net.toload.main.hd.LIMEMenu$4 -> net.toload.main.hd.f:
    net.toload.main.hd.LIMEMenu this$0 -> a
    void onClick(android.content.DialogInterface,int) -> onClick
...
com.google.gdata.model.ElementMetadata$MultipleVirtualElement -> a.a.c.c.ab:
    java.util.Collection generateMultiple$9b00173() -> a
com.google.gdata.model.ElementMetadata$SingleVirtualElement -> a.a.c.c.ac:
    com.google.gdata.model.Element generateSingle$5a7b33c1() -> a
com.google.gdata.model.ElementMetadataImpl -> a.a.c.c.ad:
    com.google.gdata.model.ElementValidator DEFAULT_VALIDATOR -> e
    com.google.gdata.model.ElementKey elemKey -> f
    com.google.gdata.model.ElementKey sourceKey -> g
    com.google.gdata.model.ElementMetadata$Cardinality cardinality -> h
    boolean isContentRequired -> i
    com.google.gdata.model.ElementValidator validator -> j
    java.lang.Object properties -> k
    com.google.gdata.model.VirtualElementHolder virtualElementHolder -> l
    boolean isFlattened -> m
    com.google.common.collect.ImmutableMap attributes -> n
    com.google.common.collect.ImmutableMap renamedAttributes -> o
    com.google.common.collect.ImmutableMap elements -> p
    com.google.common.collect.ImmutableMap renamedElements -> q
    com.google.gdata.model.AdaptationRegistry adaptations -> r
    java.util.Collection referencedNamespaces -> s
    com.google.gdata.model.ElementKey adapt(java.lang.String) -> a
    boolean isDeclared(com.google.gdata.model.AttributeKey) -> b
    com.google.gdata.model.AttributeKey findAttribute(com.google.gdata.model.QName) -> a
    boolean isDeclared(com.google.gdata.model.ElementKey) -> b
    com.google.gdata.model.ElementKey findElement(com.google.gdata.model.QName) -> b
    com.google.gdata.model.ElementKey getKey() -> b
    com.google.gdata.model.ElementMetadata$Cardinality getCardinality() -> c
    boolean isContentRequired() -> e
    boolean isSelected$371f02b8() -> d
com.google.gdata.model.ElementMetadataRegistry -> a.a.c.c.ae:
    com.google.gdata.model.Schema schema -> a
    java.util.Map transforms -> b
    java.util.concurrent.ConcurrentMap cache -> c
    java.util.Map getTransforms(com.google.gdata.model.ElementMetadataRegistryBuilder) -> a
    com.google.gdata.model.ElementMetadata bind(com.google.gdata.model.ElementKey,com.google.gdata.model.ElementKey,com.google.gdata.model.MetadataContext) -> a
    com.google.gdata.model.ElementTransform getTransform(com.google.gdata.model.ElementKey,com.google.gdata.model.ElementKey,com.google.gdata.model.MetadataContext) -> b
    com.google.gdata.model.ElementTransform getTransform(com.google.gdata.model.TransformKey,com.google.gdata.model.ElementKey) -> a
com.google.gdata.model.ElementMetadataRegistryBuilder -> a.a.c.c.af:
    com.google.gdata.model.MetadataRegistry root -> a
    java.util.Map creators -> b
    boolean isRegistered$41adc6b4(com.google.gdata.model.ElementKey) -> a
    com.google.gdata.model.ElementCreatorImpl build(com.google.gdata.model.ElementKey,com.google.gdata.model.ElementKey,com.google.gdata.model.MetadataContext) -> a
    java.util.Map getCreators() -> a